0.01 , 0.1 , 10
0.02 , 0.2 , 10
0.03 , 0.30000000000000004 , 10
0.04 , 0.4 , 10
0.05 , 0.5 , 10
0.060000000000000005 , 0.6 , 10
0.07 , 0.7 , 10
0.08 , 0.7999999999999999 , 10
0.09 , 0.8999999999999999 , 10
0.09999999999999999 , 0.9999999999999999 , 10
0.10999999999999999 , 1.0999999999999999 , 10
0.11999999999999998 , 1.204880884817015 , 10.488088481701515
0.12999999999999998 , 1.3146479511355158 , 10.976706631850078
0.13999999999999999 , 1.4293060494598608 , 11.465809832434497
0.15 , 1.5488596378401291 , 11.955358838026823
0.16 , 1.6733128273468723 , 12.445318950674302
0.17 , 1.8026694208141893 , 12.9356593467317
0.18000000000000002 , 1.936932946047746 , 13.42635252335566
0.19000000000000003 , 2.076106684448629 , 13.917373840088315
0.20000000000000004 , 2.2201936958149777 , 14.408701136634868
0.21000000000000005 , 2.36919683993667 , 14.900314412169221
0.22000000000000006 , 2.523118795483521 , 15.392195554685076
0.23000000000000007 , 2.6819620765968097 , 15.884328111328854
0.24000000000000007 , 2.8457290475218655 , 16.376697092505587
0.25000000000000006 , 3.0144219355616957 , 16.86928880398301
0.26000000000000006 , 3.1880428425850638 , 17.36209070233679
0.2700000000000001 , 3.366593755284637 , 17.855091269957327
0.2800000000000001 , 3.5500765543499617 , 18.348279906532486
0.2900000000000001 , 3.738493022694689 , 18.84164683447273
0.3000000000000001 , 3.931844852856565 , 19.335183016187585
0.3100000000000001 , 4.130133653671351 , 19.82888008147854
0.3200000000000001 , 4.333360956307374 , 20.322730263602256
0.3300000000000001 , 4.541528219735305 , 20.816726342793128
0.34000000000000014 , 4.754636835697572 , 21.31086159622671
0.35000000000000014 , 4.972688133233211 , 21.80512975356389
0.36000000000000015 , 5.195683382806676 , 22.299524957346538
0.37000000000000016 , 5.4236238000829164 , 22.794041727624077
0.38000000000000017 , 5.656510549385725 , 23.28867493028085
0.3900000000000002 , 5.894344746871825 , 23.783419748610008
0.4000000000000002 , 6.137127463449258 , 24.278271657743318
0.4100000000000002 , 6.3848597274652565 , 24.77322640159989
0.4200000000000002 , 6.63754252718588 , 25.26827997206232
0.4300000000000002 , 6.8951768130871525 , 25.763428590127283
0.4400000000000002 , 7.157763499975257 , 26.25866868881047
0.45000000000000023 , 7.425303468951395 , 26.753996897613742
0.46000000000000024 , 7.697797569235261 , 27.24941002838666
0.47000000000000025 , 7.97524661985961 , 27.744905062434906
0.48000000000000026 , 8.257651411247073 , 28.240479138746228
0.49000000000000027 , 8.54501270667927 , 28.736129543219757
0.5000000000000002 , 8.837331243667249 , 29.23185369879794
0.5100000000000002 , 9.13460773523137 , 29.727649156412028
0.5200000000000002 , 9.436842871097989 , 30.22351358666191
0.5300000000000002 , 9.74403731881959 , 30.719444772160173
0.5400000000000003 , 10.056191724824368 , 31.21544060047782
0.5500000000000003 , 10.373306715400727 , 31.71149905763581
0.5600000000000003 , 10.695382897621652 , 32.20761822209262
0.5700000000000003 , 11.022420860213485 , 32.7037962591832
0.5800000000000003 , 11.354421174373178 , 33.2000314159693
0.5900000000000003 , 11.69138439453783 , 33.69632201646521
0.6000000000000003 , 12.033311059109895 , 34.19266645720662
0.6100000000000003 , 12.38020169114123 , 34.689063203133486
0.6200000000000003 , 12.732056798978833 , 35.18551078376045
0.6300000000000003 , 13.088876876874947 , 35.682007789611326
0.6400000000000003 , 13.450662405563905 , 36.178552868895885
0.6500000000000004 , 13.817413852808002 , 36.67514472440962
0.6600000000000004 , 14.189131673914389 , 37.17178211063871
0.6700000000000004 , 14.56581631222493 , 37.668463831054204
0.6800000000000004 , 14.947468199580737 , 38.165188735580664
0.6900000000000004 , 15.334087756762997 , 38.661955718226075
0.7000000000000004 , 15.725675393911606 , 39.15876371486081
0.7100000000000004 , 16.12223151092295 , 39.65561170113457
0.7200000000000004 , 16.523756497828163 , 40.15249869052106
0.7300000000000004 , 16.930250735152978 , 40.64942373248133
0.7400000000000004 , 17.34171459426035 , 41.14638591073702
0.7500000000000004 , 17.75814843767681 , 41.643384341645856
0.7600000000000005 , 18.17955261940353 , 42.14041817267219
0.7700000000000005 , 18.60592748521299 , 42.63748658094603
0.7800000000000005 , 19.037273372932034 , 43.134588771904376
0.7900000000000005 , 19.47359061271213 , 43.63172397800943
0.8000000000000005 , 19.914879527287514 , 44.12889145753849
0.8100000000000005 , 20.36114043222192 , 44.62609049344062
0.8200000000000005 , 20.81237363614448 , 45.12332039225606
0.8300000000000005 , 21.26857944097542 , 45.620580483093896
0.8400000000000005 , 21.729758142142064 , 46.117870116664555
0.8500000000000005 , 22.1959100287857 , 46.61518866436353
0.8600000000000005 , 22.667035383959732 , 47.11253551740312
0.8700000000000006 , 23.143134484819623 , 47.60991008598917
0.8800000000000006 , 23.624207602805026 , 48.10731179854017
0.8900000000000006 , 24.110255003814483 , 48.604740100945946
0.9000000000000006 , 24.60127694837312 , 49.10219445586366
0.9100000000000006 , 25.09727369179361 , 49.59967434204898
0.9200000000000006 , 25.59824548433081 , 50.09717925372008
0.9300000000000006 , 26.104192571330337 , 50.59470869995281
0.9400000000000006 , 26.615115193371388 , 51.09226220410517
0.9500000000000006 , 27.13101358640408 , 51.589839303269194
0.9600000000000006 , 27.651887981881572 , 52.087439547749014
0.9700000000000006 , 28.177738606887207 , 52.58506250056338
0.9800000000000006 , 28.70856568425692 , 53.08270773697137
0.9900000000000007 , 29.24436943269712 , 53.58037484402001
1.0000000000000007 , 29.785150066898247 , 54.07806342011252
1.0100000000000007 , 30.33090779764421 , 54.57577307459625
1.0200000000000007 , 30.881642831917897 , 55.07350342736896
1.0300000000000007 , 31.437355373002926 , 55.571254108502806
1.0400000000000007 , 31.998045620581774 , 56.06902475788475
1.0500000000000007 , 32.5637137708305 , 56.566815024872824
1.0600000000000007 , 33.13436001651018 , 57.06462456796724
1.0700000000000007 , 33.709984547055136 , 57.56245305449567
1.0800000000000007 , 34.29058754865825 , 58.0603001603119
1.0900000000000007 , 34.876169204353324 , 58.55816556950725
1.1000000000000008 , 35.46672969409467 , 59.05604897413416
1.1100000000000008 , 36.06226919483408 , 59.55395007394108
1.1200000000000008 , 36.66278788059527 , 60.051868576118494
1.1300000000000008 , 37.26828592254582 , 60.54980419505522
1.1400000000000008 , 37.87876348906687 , 61.0477566521046
1.1500000000000008 , 38.49422074582047 , 61.54572567536016
1.1600000000000008 , 39.11465785581487 , 62.04371099944012
1.1700000000000008 , 39.74007497946767 , 62.54171236528055
1.1800000000000008 , 40.37047227466704 , 63.03972951993661
1.1900000000000008 , 41.00584989683095 , 63.53776221639147
1.2000000000000008 , 41.64620799896468 , 64.03581021337276
1.2100000000000009 , 42.29154673171644 , 64.53387327517594
1.2200000000000009 , 42.941866243431384 , 65.03195117149448
1.2300000000000009 , 43.59716668020395 , 65.53004367725646
1.2400000000000009 , 44.25744818592862 , 66.02815057246715
1.2500000000000009 , 44.922710902349195 , 66.52627164205778
1.260000000000001 , 45.59295496910659 , 67.02440667573954
1.270000000000001 , 46.268180523785226 , 67.52255546786317
1.280000000000001 , 46.94838770195806 , 68.0207178172836
1.290000000000001 , 47.633576637230355 , 68.51889352722945
1.300000000000001 , 48.32374746128213 , 69.0170824051773
1.310000000000001 , 49.01890030390943 , 69.5152842627304
1.320000000000001 , 49.71903529306445 , 70.0134989155016
1.330000000000001 , 50.424152554894455 , 70.51172618300055
1.340000000000001 , 51.1342522137797 , 71.00996588852473
1.350000000000001 , 51.849334392370245 , 71.50821785905428
1.360000000000001 , 52.56939921162175 , 72.0064819251505
1.370000000000001 , 53.29444679083033 , 72.50475792085768
1.380000000000001 , 54.02447724766641 , 73.00304568360852
1.390000000000001 , 54.759490698207735 , 73.50134505413246
1.400000000000001 , 55.499487256971406 , 73.99965587636724
1.410000000000001 , 56.24446703694514 , 74.49797799737347
1.420000000000001 , 56.994430149617656 , 74.99631126725176
1.430000000000001 , 57.74937670500829 , 75.49465553906293
1.440000000000001 , 58.509306811695794 , 75.99301066875051
1.450000000000001 , 59.27422057684645 , 76.49137651506592
1.460000000000001 , 60.04411810624141 , 76.98975293949609
1.470000000000001 , 60.81899950430334 , 77.48813980619319
1.480000000000001 , 61.59886487412241 , 77.98653698190691
1.490000000000001 , 62.3837143174816 , 78.4849443359186
1.500000000000001 , 63.17354793488138 , 78.98336173997761
1.5100000000000011 , 63.96836582556377 , 79.48178906823964
1.5200000000000011 , 64.76816808753584 , 79.98022619720687
1.5300000000000011 , 65.57295481759255 , 80.47867300567017
1.5400000000000011 , 66.38272611133907 , 80.97712937465278
1.5500000000000012 , 67.19748206321263 , 81.47559518735599
1.5600000000000012 , 68.01722276650369 , 81.97407032910628
1.5700000000000012 , 68.84194831337673 , 82.47255468730413
1.5800000000000012 , 69.67165879489048 , 82.9710481513743
1.5900000000000012 , 70.50635430101765 , 83.46955061271774
1.6000000000000012 , 71.3460349206643 , 83.96806196466467
1.6100000000000012 , 72.19070074168859 , 84.4665821024293
1.6200000000000012 , 73.04035185091925 , 84.96511092306571
1.6300000000000012 , 73.8949883341735 , 85.46364832542503
1.6400000000000012 , 74.75461027627465 , 85.96219421011396
1.6500000000000012 , 75.6192177610692 , 86.46074847945432
1.6600000000000013 , 76.48881087144363 , 86.95931103744394
1.6700000000000013 , 77.36338968934082 , 87.45788178971843
1.6800000000000013 , 78.24295429577596 , 87.9564606435143
1.6900000000000013 , 79.12750477085228 , 88.45504750763291
1.7000000000000013 , 80.01704119377634 , 88.95364229240548
1.7100000000000013 , 80.91156364287292 , 89.45224490965911
1.7200000000000013 , 81.81107219559976 , 89.95085527268371
1.7300000000000013 , 82.71556692856176 , 90.44947329619988
1.7400000000000013 , 83.62504791752504 , 90.94809889632754
1.7500000000000013 , 84.53951523743059 , 91.44673199055559
1.7600000000000013 , 85.45896896240771 , 91.94537249771224
1.7700000000000014 , 86.38340916578707 , 92.44402033793625
1.7800000000000014 , 87.31283592011356 , 92.94267543264884
1.7900000000000014 , 88.24724929715882 , 93.44133770452645
1.8000000000000014 , 89.18664936793355 , 93.94000707747409
1.8100000000000014 , 90.13103620269955 , 94.43868347659954
1.8200000000000014 , 91.08040987098143 , 94.93736682818812
1.8300000000000014 , 92.0347704415782 , 95.43605705967815
1.8400000000000014 , 92.99411798257458 , 95.934754099637
1.8500000000000014 , 93.95845256135196 , 96.43345787773794
1.8600000000000014 , 94.92777424459933 , 96.93216832473726
1.8700000000000014 , 95.90208309832386 , 97.43088537245227
1.8800000000000014 , 96.88137918786126 , 97.92960895373976
1.8900000000000015 , 97.865662577886 , 98.42833900247493
1.9000000000000015 , 98.85493333242131 , 98.92707545353092
1.9100000000000015 , 99.8491915148489 , 99.42581824275892
1.9200000000000015 , 100.84843718791858 , 99.92456730696856
1.9300000000000015 , 101.84843718791858 , 100
1.9400000000000015 , 102.84843718791858 , 100
1.9500000000000015 , 103.84843718791858 , 100
1.9600000000000015 , 104.84843718791858 , 100
1.9700000000000015 , 105.84843718791858 , 100
1.9800000000000015 , 106.84843718791858 , 100
1.9900000000000015 , 107.84843718791858 , 100
2.0000000000000013 , 108.84843718791858 , 100
2.010000000000001 , 109.84843718791858 , 100
2.020000000000001 , 110.84843718791858 , 100
2.0300000000000007 , 111.84843718791858 , 100
2.0400000000000005 , 112.84843718791858 , 100
2.0500000000000003 , 113.84843718791858 , 100
2.06 , 114.84843718791858 , 100
2.07 , 115.84843718791858 , 100
2.0799999999999996 , 116.84843718791858 , 100
2.0899999999999994 , 117.84843718791858 , 100
2.099999999999999 , 118.84843718791858 , 100
2.109999999999999 , 119.84843718791858 , 100
2.1199999999999988 , 120.84843718791858 , 100
2.1299999999999986 , 121.84843718791858 , 100
2.1399999999999983 , 122.84843718791858 , 100
2.149999999999998 , 123.84843718791858 , 100
2.159999999999998 , 124.84843718791858 , 100
2.1699999999999977 , 125.84843718791858 , 100
2.1799999999999975 , 126.84843718791858 , 100
2.1899999999999973 , 127.84843718791858 , 100
2.199999999999997 , 128.8484371879186 , 100
2.209999999999997 , 129.8484371879186 , 100
2.2199999999999966 , 130.8484371879186 , 100
2.2299999999999964 , 131.8484371879186 , 100
2.239999999999996 , 132.8484371879186 , 100
2.249999999999996 , 133.8484371879186 , 100
2.259999999999996 , 134.8484371879186 , 100
2.2699999999999956 , 135.8484371879186 , 100
2.2799999999999954 , 136.8484371879186 , 100
2.289999999999995 , 137.8484371879186 , 100
2.299999999999995 , 138.8484371879186 , 100
2.3099999999999947 , 139.8484371879186 , 100
2.3199999999999945 , 140.8484371879186 , 100
2.3299999999999943 , 141.8484371879186 , 100
2.339999999999994 , 142.8484371879186 , 100
2.349999999999994 , 143.8484371879186 , 100
2.3599999999999937 , 144.8484371879186 , 100
2.3699999999999934 , 145.8484371879186 , 100
2.3799999999999932 , 146.8484371879186 , 100
2.389999999999993 , 147.8484371879186 , 100
2.399999999999993 , 148.8484371879186 , 100
2.4099999999999926 , 149.8484371879186 , 100
2.4199999999999924 , 150.8484371879186 , 100
2.429999999999992 , 151.8484371879186 , 100
2.439999999999992 , 152.8484371879186 , 100
2.4499999999999917 , 153.8484371879186 , 100
2.4599999999999915 , 154.8484371879186 , 100
2.4699999999999913 , 155.8484371879186 , 100
2.479999999999991 , 156.8484371879186 , 100
2.489999999999991 , 157.8484371879186 , 100
2.4999999999999907 , 158.8484371879186 , 100
2.5099999999999905 , 159.8484371879186 , 100
2.5199999999999902 , 160.8484371879186 , 100
2.52999999999999 , 161.8484371879186 , 100
2.53999999999999 , 162.8484371879186 , 100
2.5499999999999896 , 163.8484371879186 , 100
2.5599999999999894 , 164.8484371879186 , 100
2.569999999999989 , 165.8484371879186 , 100
2.579999999999989 , 166.8484371879186 , 100
2.5899999999999888 , 167.8484371879186 , 100
2.5999999999999885 , 168.8484371879186 , 100
2.6099999999999883 , 169.8484371879186 , 100
2.619999999999988 , 170.8484371879186 , 100
2.629999999999988 , 171.8484371879186 , 100
2.6399999999999877 , 172.8484371879186 , 100
2.6499999999999875 , 173.8484371879186 , 100
2.6599999999999873 , 174.8484371879186 , 100
2.669999999999987 , 175.8484371879186 , 100
2.679999999999987 , 176.8484371879186 , 100
2.6899999999999866 , 177.8484371879186 , 100
2.6999999999999864 , 178.8484371879186 , 100
2.709999999999986 , 179.8484371879186 , 100
2.719999999999986 , 180.8484371879186 , 100
2.7299999999999858 , 181.8484371879186 , 100
2.7399999999999856 , 182.8484371879186 , 100
2.7499999999999853 , 183.8484371879186 , 100
2.759999999999985 , 184.8484371879186 , 100
2.769999999999985 , 185.8484371879186 , 100
2.7799999999999847 , 186.8484371879186 , 100
2.7899999999999845 , 187.8484371879186 , 100
2.7999999999999843 , 188.8484371879186 , 100
2.809999999999984 , 189.8484371879186 , 100
2.819999999999984 , 190.8484371879186 , 100
2.8299999999999836 , 191.8484371879186 , 100
2.8399999999999834 , 192.8484371879186 , 100
2.849999999999983 , 193.8484371879186 , 100
2.859999999999983 , 194.8484371879186 , 100
2.869999999999983 , 195.8484371879186 , 100
2.8799999999999826 , 196.8484371879186 , 100
2.8899999999999824 , 197.8484371879186 , 100
2.899999999999982 , 198.8484371879186 , 100
2.909999999999982 , 199.8484371879186 , 100
2.9199999999999817 , 200.8484371879186 , 100
2.9299999999999815 , 201.8484371879186 , 100
2.9399999999999813 , 202.8484371879186 , 100
2.949999999999981 , 203.8484371879186 , 100
2.959999999999981 , 204.8484371879186 , 100
2.9699999999999807 , 205.8484371879186 , 100
2.9799999999999804 , 206.8484371879186 , 100
2.9899999999999802 , 207.8484371879186 , 100
2.99999999999998 , 208.8484371879186 , 100
3.00999999999998 , 209.8484371879186 , 100
3.0199999999999796 , 210.8484371879186 , 100
3.0299999999999794 , 211.8484371879186 , 100
3.039999999999979 , 212.8484371879186 , 100
3.049999999999979 , 213.8484371879186 , 100
3.0599999999999787 , 214.8484371879186 , 100
3.0699999999999785 , 215.8484371879186 , 100
3.0799999999999783 , 216.8484371879186 , 100
3.089999999999978 , 217.8484371879186 , 100
3.099999999999978 , 218.8484371879186 , 100
3.1099999999999777 , 219.8484371879186 , 100
3.1199999999999775 , 220.8484371879186 , 100
3.1299999999999772 , 221.8484371879186 , 100
3.139999999999977 , 222.8484371879186 , 100
3.149999999999977 , 223.8484371879186 , 100
3.1599999999999766 , 224.8484371879186 , 100
3.1699999999999764 , 225.8484371879186 , 100
3.179999999999976 , 226.8484371879186 , 100
3.189999999999976 , 227.8484371879186 , 100
3.1999999999999758 , 228.8484371879186 , 100
3.2099999999999755 , 229.8484371879186 , 100
3.2199999999999753 , 230.8484371879186 , 100
3.229999999999975 , 231.8484371879186 , 100
3.239999999999975 , 232.8484371879186 , 100
3.2499999999999747 , 233.8484371879186 , 100
3.2599999999999745 , 234.8484371879186 , 100
3.2699999999999743 , 235.8484371879186 , 100
3.279999999999974 , 236.8484371879186 , 100
3.289999999999974 , 237.8484371879186 , 100
3.2999999999999736 , 238.8484371879186 , 100
3.3099999999999734 , 239.8484371879186 , 100
3.319999999999973 , 240.8484371879186 , 100
3.329999999999973 , 241.8484371879186 , 100
3.3399999999999728 , 242.8484371879186 , 100
3.3499999999999726 , 243.8484371879186 , 100
3.3599999999999723 , 244.8484371879186 , 100
3.369999999999972 , 245.8484371879186 , 100
3.379999999999972 , 246.8484371879186 , 100
3.3899999999999717 , 247.8484371879186 , 100
3.3999999999999715 , 248.8484371879186 , 100
3.4099999999999713 , 249.8484371879186 , 100
3.419999999999971 , 250.8484371879186 , 100
3.429999999999971 , 251.8484371879186 , 100
3.4399999999999706 , 252.8484371879186 , 100
3.4499999999999704 , 253.8484371879186 , 100
3.45999999999997 , 254.8484371879186 , 100
3.46999999999997 , 255.8484371879186 , 100
3.47999999999997 , 256.8484371879186 , 100
3.4899999999999696 , 257.8484371879186 , 100
3.4999999999999694 , 258.8484371879186 , 100
3.509999999999969 , 259.8484371879186 , 100
3.519999999999969 , 260.8484371879186 , 100
3.5299999999999687 , 261.8484371879186 , 100
3.5399999999999685 , 262.8484371879186 , 100
3.5499999999999683 , 263.8484371879186 , 100
3.559999999999968 , 264.8484371879186 , 100
3.569999999999968 , 265.8484371879186 , 100
3.5799999999999677 , 266.8484371879186 , 100
3.5899999999999674 , 267.8484371879186 , 100
3.5999999999999672 , 268.8484371879186 , 100
3.609999999999967 , 269.8484371879186 , 100
3.619999999999967 , 270.8484371879186 , 100
3.6299999999999666 , 271.8484371879186 , 100
3.6399999999999664 , 272.8484371879186 , 100
3.649999999999966 , 273.8484371879186 , 100
3.659999999999966 , 274.8484371879186 , 100
3.6699999999999657 , 275.8484371879186 , 100
3.6799999999999655 , 276.8484371879186 , 100
3.6899999999999653 , 277.8484371879186 , 100
3.699999999999965 , 278.8484371879186 , 100
3.709999999999965 , 279.8484371879186 , 100
3.7199999999999647 , 280.8484371879186 , 100
3.7299999999999645 , 281.8484371879186 , 100
3.7399999999999642 , 282.8484371879186 , 100
3.749999999999964 , 283.8484371879186 , 100
3.759999999999964 , 284.8484371879186 , 100
3.7699999999999636 , 285.8484371879186 , 100
3.7799999999999634 , 286.8484371879186 , 100
3.789999999999963 , 287.8484371879186 , 100
3.799999999999963 , 288.8484371879186 , 100
3.8099999999999627 , 289.8484371879186 , 100
3.8199999999999625 , 290.8484371879186 , 100
3.8299999999999623 , 291.8484371879186 , 100
3.839999999999962 , 292.8484371879186 , 100
3.849999999999962 , 293.8484371879186 , 100
3.8599999999999617 , 294.8484371879186 , 100
3.8699999999999615 , 295.8484371879186 , 100
3.8799999999999613 , 296.8484371879186 , 100
3.889999999999961 , 297.8484371879186 , 100
3.899999999999961 , 298.8484371879186 , 100
3.9099999999999606 , 299.8484371879186 , 100
3.9199999999999604 , 300.8484371879186 , 100
3.92999999999996 , 301.8484371879186 , 100
3.93999999999996 , 302.8484371879186 , 100
3.9499999999999598 , 303.8484371879186 , 100
3.9599999999999596 , 304.8484371879186 , 100
3.9699999999999593 , 305.8484371879186 , 100
3.979999999999959 , 306.8484371879186 , 100
3.989999999999959 , 307.8484371879186 , 100
3.9999999999999587 , 308.8484371879186 , 100
4.009999999999959 , 309.8484371879186 , 100
4.019999999999959 , 310.8484371879186 , 100
4.0299999999999585 , 311.8484371879186 , 100
4.039999999999958 , 312.8484371879186 , 100
4.049999999999958 , 313.8484371879186 , 100
4.059999999999958 , 314.8484371879186 , 100
4.069999999999958 , 315.8484371879186 , 100
4.079999999999957 , 316.8484371879186 , 100
4.089999999999957 , 317.8484371879186 , 100
4.099999999999957 , 318.8484371879186 , 100
4.109999999999957 , 319.8484371879186 , 100
4.119999999999957 , 320.8484371879186 , 100
4.129999999999956 , 321.8484371879186 , 100
4.139999999999956 , 322.8484371879186 , 100
4.149999999999956 , 323.8484371879186 , 100
4.159999999999956 , 324.8484371879186 , 100
4.1699999999999555 , 325.8484371879186 , 100
4.179999999999955 , 326.8484371879186 , 100
4.189999999999955 , 327.8484371879186 , 100
4.199999999999955 , 328.8484371879186 , 100
4.209999999999955 , 329.8484371879186 , 100
4.2199999999999545 , 330.8484371879186 , 100
4.229999999999954 , 331.8484371879186 , 100
4.239999999999954 , 332.8484371879186 , 100
4.249999999999954 , 333.8484371879186 , 100
4.259999999999954 , 334.8484371879186 , 100
4.269999999999953 , 335.8484371879186 , 100
4.279999999999953 , 336.8484371879186 , 100
4.289999999999953 , 337.8484371879186 , 100
4.299999999999953 , 338.8484371879186 , 100
4.3099999999999525 , 339.8484371879186 , 100
4.319999999999952 , 340.8484371879186 , 100
4.329999999999952 , 341.8484371879186 , 100
4.339999999999952 , 342.8484371879186 , 100
4.349999999999952 , 343.8484371879186 , 100
4.3599999999999515 , 344.8484371879186 , 100
4.369999999999951 , 345.8484371879186 , 100
4.379999999999951 , 346.8484371879186 , 100
4.389999999999951 , 347.8484371879186 , 100
4.399999999999951 , 348.8484371879186 , 100
4.40999999999995 , 349.8484371879186 , 100
4.41999999999995 , 350.8484371879186 , 100
4.42999999999995 , 351.8484371879186 , 100
4.43999999999995 , 352.8484371879186 , 100
4.4499999999999496 , 353.8484371879186 , 100
4.459999999999949 , 354.8484371879186 , 100
4.469999999999949 , 355.8484371879186 , 100
4.479999999999949 , 356.8484371879186 , 100
4.489999999999949 , 357.8484371879186 , 100
4.4999999999999485 , 358.8484371879186 , 100
4.509999999999948 , 359.8484371879186 , 100
4.519999999999948 , 360.8484371879186 , 100
4.529999999999948 , 361.8484371879186 , 100
4.539999999999948 , 362.8484371879186 , 100
4.549999999999947 , 363.8484371879186 , 100
4.559999999999947 , 364.8484371879186 , 100
4.569999999999947 , 365.8484371879186 , 100
4.579999999999947 , 366.8484371879186 , 100
4.589999999999947 , 367.8484371879186 , 100
4.599999999999946 , 368.8484371879186 , 100
4.609999999999946 , 369.8484371879186 , 100
4.619999999999946 , 370.8484371879186 , 100
4.629999999999946 , 371.8484371879186 , 100
4.6399999999999455 , 372.8484371879186 , 100
4.649999999999945 , 373.8484371879186 , 100
4.659999999999945 , 374.8484371879186 , 100
4.669999999999945 , 375.8484371879186 , 100
4.679999999999945 , 376.8484371879186 , 100
4.689999999999944 , 377.8484371879186 , 100
4.699999999999944 , 378.8484371879186 , 100
4.709999999999944 , 379.8484371879186 , 100
4.719999999999944 , 380.8484371879186 , 100
4.729999999999944 , 381.8484371879186 , 100
4.739999999999943 , 382.8484371879186 , 100
4.749999999999943 , 383.8484371879186 , 100
4.759999999999943 , 384.8484371879186 , 100
4.769999999999943 , 385.8484371879186 , 100
4.7799999999999425 , 386.8484371879186 , 100
4.789999999999942 , 387.8484371879186 , 100
4.799999999999942 , 388.8484371879186 , 100
4.809999999999942 , 389.8484371879186 , 100
4.819999999999942 , 390.8484371879186 , 100
4.8299999999999415 , 391.8484371879186 , 100
4.839999999999941 , 392.8484371879186 , 100
4.849999999999941 , 393.8484371879186 , 100
4.859999999999941 , 394.8484371879186 , 100
4.869999999999941 , 395.8484371879186 , 100
4.87999999999994 , 396.8484371879186 , 100
4.88999999999994 , 397.8484371879186 , 100
4.89999999999994 , 398.8484371879186 , 100
4.90999999999994 , 399.8484371879186 , 100
4.9199999999999395 , 400.8484371879186 , 100
4.929999999999939 , 401.8484371879186 , 100
4.939999999999939 , 402.8484371879186 , 100
4.949999999999939 , 403.8484371879186 , 100
4.959999999999939 , 404.8484371879186 , 100
4.9699999999999385 , 405.8484371879186 , 100
4.979999999999938 , 406.8484371879186 , 100
4.989999999999938 , 407.8484371879186 , 100
4.999999999999938 , 408.8484371879186 , 100
5.009999999999938 , 409.8484371879186 , 100
5.019999999999937 , 410.8484371879186 , 100
5.029999999999937 , 411.8484371879186 , 100
5.039999999999937 , 412.8484371879186 , 100
5.049999999999937 , 413.8484371879186 , 100
5.0599999999999365 , 414.8484371879186 , 100
5.069999999999936 , 415.8484371879186 , 100
5.079999999999936 , 416.8484371879186 , 100
5.089999999999936 , 417.8484371879186 , 100
5.099999999999936 , 418.8484371879186 , 100
5.1099999999999355 , 419.8484371879186 , 100
5.119999999999935 , 420.8484371879186 , 100
5.129999999999935 , 421.8484371879186 , 100
5.139999999999935 , 422.8484371879186 , 100
5.149999999999935 , 423.8484371879186 , 100
5.159999999999934 , 424.8484371879186 , 100
5.169999999999934 , 425.8484371879186 , 100
5.179999999999934 , 426.8484371879186 , 100
5.189999999999934 , 427.8484371879186 , 100
5.199999999999934 , 428.8484371879186 , 100
5.209999999999933 , 429.8484371879186 , 100
5.219999999999933 , 430.8484371879186 , 100
5.229999999999933 , 431.8484371879186 , 100
5.239999999999933 , 432.8484371879186 , 100
5.2499999999999325 , 433.8484371879186 , 100
5.259999999999932 , 434.8484371879186 , 100
5.269999999999932 , 435.8484371879186 , 100
5.279999999999932 , 436.8484371879186 , 100
5.289999999999932 , 437.8484371879186 , 100
5.299999999999931 , 438.8484371879186 , 100
5.309999999999931 , 439.8484371879186 , 100
5.319999999999931 , 440.8484371879186 , 100
5.329999999999931 , 441.8484371879186 , 100
5.339999999999931 , 442.8484371879186 , 100
5.34999999999993 , 443.8484371879186 , 100
5.35999999999993 , 444.8484371879186 , 100
5.36999999999993 , 445.8484371879186 , 100
5.37999999999993 , 446.8484371879186 , 100
5.3899999999999295 , 447.8484371879186 , 100
5.399999999999929 , 448.8484371879186 , 100
5.409999999999929 , 449.8484371879186 , 100
5.419999999999929 , 450.8484371879186 , 100
5.429999999999929 , 451.8484371879186 , 100
5.4399999999999284 , 452.8484371879186 , 100
5.449999999999928 , 453.8484371879186 , 100
5.459999999999928 , 454.8484371879186 , 100
5.469999999999928 , 455.8484371879186 , 100
5.479999999999928 , 456.8484371879186 , 100
5.489999999999927 , 457.8484371879186 , 100
5.499999999999927 , 458.8484371879186 , 100
5.509999999999927 , 459.8484371879186 , 100
5.519999999999927 , 460.8484371879186 , 100
5.5299999999999265 , 461.8484371879186 , 100
5.539999999999926 , 462.8484371879186 , 100
5.549999999999926 , 463.8484371879186 , 100
5.559999999999926 , 464.8484371879186 , 100
5.569999999999926 , 465.8484371879186 , 100
5.5799999999999255 , 466.8484371879186 , 100
5.589999999999925 , 467.8484371879186 , 100
5.599999999999925 , 468.8484371879186 , 100
5.609999999999925 , 469.8484371879186 , 100
5.619999999999925 , 470.8484371879186 , 100
5.629999999999924 , 471.8484371879186 , 100
5.639999999999924 , 472.8484371879186 , 100
5.649999999999924 , 473.8484371879186 , 100
5.659999999999924 , 474.8484371879186 , 100
5.6699999999999235 , 475.8484371879186 , 100
5.679999999999923 , 476.8484371879186 , 100
5.689999999999923 , 477.8484371879186 , 100
5.699999999999923 , 478.8484371879186 , 100
5.709999999999923 , 479.8484371879186 , 100
5.7199999999999225 , 480.8484371879186 , 100
5.729999999999922 , 481.8484371879186 , 100
5.739999999999922 , 482.8484371879186 , 100
5.749999999999922 , 483.8484371879186 , 100
5.759999999999922 , 484.8484371879186 , 100
5.769999999999921 , 485.8484371879186 , 100
5.779999999999921 , 486.8484371879186 , 100
5.789999999999921 , 487.8484371879186 , 100
5.799999999999921 , 488.8484371879186 , 100
5.809999999999921 , 489.8484371879186 , 100
5.81999999999992 , 490.8484371879186 , 100
5.82999999999992 , 491.8484371879186 , 100
5.83999999999992 , 492.8484371879186 , 100
5.84999999999992 , 493.8484371879186 , 100
5.8599999999999195 , 494.8484371879186 , 100
5.869999999999919 , 495.8484371879186 , 100
5.879999999999919 , 496.8484371879186 , 100
5.889999999999919 , 497.8484371879186 , 100
5.899999999999919 , 498.8484371879186 , 100
5.909999999999918 , 499.8484371879186 , 100
5.919999999999918 , 500.8484371879186 , 100
5.929999999999918 , 501.8484371879186 , 100
5.939999999999918 , 502.8484371879186 , 100
5.949999999999918 , 503.8484371879186 , 100
5.959999999999917 , 504.8484371879186 , 100
5.969999999999917 , 505.8484371879186 , 100
5.979999999999917 , 506.8484371879186 , 100
5.989999999999917 , 507.8484371879186 , 100
5.9999999999999165 , 508.8484371879186 , 100
6.009999999999916 , 509.8484371879186 , 100
6.019999999999916 , 510.8484371879186 , 100
6.029999999999916 , 511.8484371879186 , 100
6.039999999999916 , 512.8484371879185 , 100
6.0499999999999154 , 513.8484371879185 , 100
6.059999999999915 , 514.8484371879185 , 100
6.069999999999915 , 515.8484371879185 , 100
6.079999999999915 , 516.8484371879185 , 100
6.089999999999915 , 517.8484371879185 , 100
6.099999999999914 , 518.8484371879185 , 100
6.109999999999914 , 519.8484371879185 , 100
6.119999999999914 , 520.8484371879185 , 100
6.129999999999914 , 521.8484371879185 , 100
6.1399999999999135 , 522.8484371879185 , 100
6.149999999999913 , 523.8484371879185 , 100
6.159999999999913 , 524.8484371879185 , 100
6.169999999999913 , 525.8484371879185 , 100
6.179999999999913 , 526.8484371879185 , 100
6.1899999999999125 , 527.8484371879185 , 100
6.199999999999912 , 528.8484371879185 , 100
6.209999999999912 , 529.8484371879185 , 100
6.219999999999912 , 530.8484371879185 , 100
6.229999999999912 , 531.8484371879185 , 100
6.239999999999911 , 532.8484371879185 , 100
6.249999999999911 , 533.8484371879185 , 100
6.259999999999911 , 534.8484371879185 , 100
6.269999999999911 , 535.8484371879185 , 100
6.2799999999999105 , 536.8484371879185 , 100
6.28999999999991 , 537.8484371879185 , 100
6.29999999999991 , 538.8484371879185 , 100
6.30999999999991 , 539.8484371879185 , 100
6.31999999999991 , 540.8484371879185 , 100
6.3299999999999095 , 541.8484371879185 , 100
6.339999999999909 , 542.8484371879185 , 100
6.349999999999909 , 543.8484371879185 , 100
6.359999999999909 , 544.8484371879185 , 100
6.369999999999909 , 545.8484371879185 , 100
6.379999999999908 , 546.8484371879185 , 100
6.389999999999908 , 547.8484371879185 , 100
6.399999999999908 , 548.8484371879185 , 100
6.409999999999908 , 549.8484371879185 , 100
6.419999999999908 , 550.8484371879185 , 100
6.429999999999907 , 551.8484371879185 , 100
6.439999999999907 , 552.8484371879185 , 100
6.449999999999907 , 553.8484371879185 , 100
6.459999999999907 , 554.8484371879185 , 100
6.4699999999999065 , 555.8484371879185 , 100
6.479999999999906 , 556.8484371879185 , 100
6.489999999999906 , 557.8484371879185 , 100
6.499999999999906 , 558.8484371879185 , 100
6.509999999999906 , 559.8484371879185 , 100
6.519999999999905 , 560.8484371879185 , 100
6.529999999999905 , 561.8484371879185 , 100
6.539999999999905 , 562.8484371879185 , 100
6.549999999999905 , 563.8484371879185 , 100
6.559999999999905 , 564.8484371879185 , 100
6.569999999999904 , 565.8484371879185 , 100
6.579999999999904 , 566.8484371879185 , 100
6.589999999999904 , 567.8484371879185 , 100
6.599999999999904 , 568.8484371879185 , 100
6.6099999999999035 , 569.8484371879185 , 100
6.619999999999903 , 570.8484371879185 , 100
6.629999999999903 , 571.8484371879185 , 100
6.639999999999903 , 572.8484371879185 , 100
6.649999999999903 , 573.8484371879185 , 100
6.659999999999902 , 574.8484371879185 , 100
6.669999999999902 , 575.8484371879185 , 100
6.679999999999902 , 576.8484371879185 , 100
6.689999999999902 , 577.8484371879185 , 100
6.699999999999902 , 578.8484371879185 , 100
6.709999999999901 , 579.8484371879185 , 100
6.719999999999901 , 580.8484371879185 , 100
6.729999999999901 , 581.8484371879185 , 100
6.739999999999901 , 582.8484371879185 , 100
6.7499999999999005 , 583.8484371879185 , 100
6.7599999999999 , 584.8484371879185 , 100
6.7699999999999 , 585.8484371879185 , 100
6.7799999999999 , 586.8484371879185 , 100
6.7899999999999 , 587.8484371879185 , 100
6.7999999999998995 , 588.8484371879185 , 100
6.809999999999899 , 589.8484371879185 , 100
6.819999999999899 , 590.8484371879185 , 100
6.829999999999899 , 591.8484371879185 , 100
6.839999999999899 , 592.8484371879185 , 100
6.849999999999898 , 593.8484371879185 , 100
6.859999999999898 , 594.8484371879185 , 100
6.869999999999898 , 595.8484371879185 , 100
6.879999999999898 , 596.8484371879185 , 100
6.8899999999998975 , 597.8484371879185 , 100
6.899999999999897 , 598.8484371879185 , 100
6.909999999999897 , 599.8484371879185 , 100
6.919999999999897 , 600.8484371879185 , 100
6.929999999999897 , 601.8484371879185 , 100
6.9399999999998965 , 602.8484371879185 , 100
6.949999999999896 , 603.8484371879185 , 100
6.959999999999896 , 604.8484371879185 , 100
6.969999999999896 , 605.8484371879185 , 100
6.979999999999896 , 606.8484371879185 , 100
6.989999999999895 , 607.8484371879185 , 100
6.999999999999895 , 608.8484371879185 , 100
7.009999999999895 , 609.8484371879185 , 100
7.019999999999895 , 610.8484371879185 , 100
7.0299999999998946 , 611.8484371879185 , 100
7.039999999999894 , 612.8484371879185 , 100
7.049999999999894 , 613.8484371879185 , 100
7.059999999999894 , 614.8484371879185 , 100
7.069999999999894 , 615.8484371879185 , 100
7.0799999999998935 , 616.8484371879185 , 100
7.089999999999893 , 617.8484371879185 , 100
7.099999999999893 , 618.8484371879185 , 100
7.109999999999893 , 619.8484371879185 , 100
7.119999999999893 , 620.8484371879185 , 100
7.129999999999892 , 621.8484371879185 , 100
7.139999999999892 , 622.8484371879185 , 100
7.149999999999892 , 623.8484371879185 , 100
7.159999999999892 , 624.8484371879185 , 100
7.169999999999892 , 625.8484371879185 , 100
7.179999999999891 , 626.8484371879185 , 100
7.189999999999891 , 627.8484371879185 , 100
7.199999999999891 , 628.8484371879185 , 100
7.209999999999891 , 629.8484371879185 , 100
7.2199999999998905 , 630.8484371879185 , 100
7.22999999999989 , 631.8484371879185 , 100
7.23999999999989 , 632.8484371879185 , 100
7.24999999999989 , 633.8484371879185 , 100
7.25999999999989 , 634.8484371879185 , 100
7.269999999999889 , 635.8484371879185 , 100
7.279999999999889 , 636.8484371879185 , 100
7.289999999999889 , 637.8484371879185 , 100
7.299999999999889 , 638.8484371879185 , 100
7.309999999999889 , 639.8484371879185 , 100
7.319999999999888 , 640.8484371879185 , 100
7.329999999999888 , 641.8484371879185 , 100
7.339999999999888 , 642.8484371879185 , 100
7.349999999999888 , 643.8484371879185 , 100
7.3599999999998875 , 644.8484371879185 , 100
7.369999999999887 , 645.8484371879185 , 100
7.379999999999887 , 646.8484371879185 , 100
7.389999999999887 , 647.8484371879185 , 100
7.399999999999887 , 648.8484371879185 , 100
7.4099999999998865 , 649.8484371879185 , 100
7.419999999999886 , 650.8484371879185 , 100
7.429999999999886 , 651.8484371879185 , 100
7.439999999999886 , 652.8484371879185 , 100
7.449999999999886 , 653.8484371879185 , 100
7.459999999999885 , 654.8484371879185 , 100
7.469999999999885 , 655.8484371879185 , 100
7.479999999999885 , 656.8484371879185 , 100
7.489999999999885 , 657.8484371879185 , 100
7.4999999999998845 , 658.8484371879185 , 100
7.509999999999884 , 659.8484371879185 , 100
7.519999999999884 , 660.8484371879185 , 100
7.529999999999884 , 661.8484371879185 , 100
7.539999999999884 , 662.8484371879185 , 100
7.5499999999998835 , 663.8484371879185 , 100
7.559999999999883 , 664.8484371879185 , 100
7.569999999999883 , 665.8484371879185 , 100
7.579999999999883 , 666.8484371879185 , 100
7.589999999999883 , 667.8484371879185 , 100
7.599999999999882 , 668.8484371879185 , 100
7.609999999999882 , 669.8484371879185 , 100
7.619999999999882 , 670.8484371879185 , 100
7.629999999999882 , 671.8484371879185 , 100
7.6399999999998816 , 672.8484371879185 , 100
7.649999999999881 , 673.8484371879185 , 100
7.659999999999881 , 674.8484371879185 , 100
7.669999999999881 , 675.8484371879185 , 100
7.679999999999881 , 676.8484371879185 , 100
7.6899999999998805 , 677.8484371879185 , 100
7.69999999999988 , 678.8484371879185 , 100
7.70999999999988 , 679.8484371879185 , 100
7.71999999999988 , 680.8484371879185 , 100
7.72999999999988 , 681.8484371879185 , 100
7.739999999999879 , 682.8484371879185 , 100
7.749999999999879 , 683.8484371879185 , 100
7.759999999999879 , 684.8484371879185 , 100
7.769999999999879 , 685.8484371879185 , 100
7.779999999999879 , 686.8484371879185 , 100
7.789999999999878 , 687.8484371879185 , 100
7.799999999999878 , 688.8484371879185 , 100
7.809999999999878 , 689.8484371879185 , 100
7.819999999999878 , 690.8484371879185 , 100
7.8299999999998775 , 691.8484371879185 , 100
7.839999999999877 , 692.8484371879185 , 100
7.849999999999877 , 693.8484371879185 , 100
7.859999999999877 , 694.8484371879185 , 100
7.869999999999877 , 695.8484371879185 , 100
7.879999999999876 , 696.8484371879185 , 100
7.889999999999876 , 697.8484371879185 , 100
7.899999999999876 , 698.8484371879185 , 100
7.909999999999876 , 699.8484371879185 , 100
7.919999999999876 , 700.8484371879185 , 100
7.929999999999875 , 701.8484371879185 , 100
7.939999999999875 , 702.8484371879185 , 100
7.949999999999875 , 703.8484371879185 , 100
7.959999999999875 , 704.8484371879185 , 100
7.9699999999998745 , 705.8484371879185 , 100
7.979999999999874 , 706.8484371879185 , 100
7.989999999999874 , 707.8484371879185 , 100
7.999999999999874 , 708.8484371879185 , 100
8.009999999999874 , 709.8484371879185 , 100
8.019999999999873 , 710.8484371879185 , 100
8.029999999999873 , 711.8484371879185 , 100
8.039999999999873 , 712.8484371879185 , 100
8.049999999999873 , 713.8484371879185 , 100
8.059999999999873 , 714.8484371879185 , 100
8.069999999999872 , 715.8484371879185 , 100
8.079999999999872 , 716.8484371879185 , 100
8.089999999999872 , 717.8484371879185 , 100
8.099999999999872 , 718.8484371879185 , 100
8.109999999999872 , 719.8484371879185 , 100
8.119999999999871 , 720.8484371879185 , 100
8.129999999999871 , 721.8484371879185 , 100
8.139999999999871 , 722.8484371879185 , 100
8.14999999999987 , 723.8484371879185 , 100
8.15999999999987 , 724.8484371879185 , 100
8.16999999999987 , 725.8484371879185 , 100
8.17999999999987 , 726.8484371879185 , 100
8.18999999999987 , 727.8484371879185 , 100
8.19999999999987 , 728.8484371879185 , 100
8.20999999999987 , 729.8484371879185 , 100
8.21999999999987 , 730.8484371879185 , 100
8.229999999999869 , 731.8484371879185 , 100
8.239999999999869 , 732.8484371879185 , 100
8.249999999999869 , 733.8484371879185 , 100
8.259999999999868 , 734.8484371879185 , 100
8.269999999999868 , 735.8484371879185 , 100
8.279999999999868 , 736.8484371879185 , 100
8.289999999999868 , 737.8484371879185 , 100
8.299999999999867 , 738.8484371879185 , 100
8.309999999999867 , 739.8484371879185 , 100
8.319999999999867 , 740.8484371879185 , 100
8.329999999999867 , 741.8484371879185 , 100
8.339999999999867 , 742.8484371879185 , 100
8.349999999999866 , 743.8484371879185 , 100
8.359999999999866 , 744.8484371879185 , 100
8.369999999999866 , 745.8484371879185 , 100
8.379999999999866 , 746.8484371879185 , 100
8.389999999999866 , 747.8484371879185 , 100
8.399999999999865 , 748.8484371879185 , 100
8.409999999999865 , 749.8484371879185 , 100
8.419999999999865 , 750.8484371879185 , 100
8.429999999999865 , 751.8484371879185 , 100
8.439999999999864 , 752.8484371879185 , 100
8.449999999999864 , 753.8484371879185 , 100
8.459999999999864 , 754.8484371879185 , 100
8.469999999999864 , 755.8484371879185 , 100
8.479999999999864 , 756.8484371879185 , 100
8.489999999999863 , 757.8484371879185 , 100
8.499999999999863 , 758.8484371879185 , 100
8.509999999999863 , 759.8484371879185 , 100
8.519999999999863 , 760.8484371879185 , 100
8.529999999999863 , 761.8484371879185 , 100
8.539999999999862 , 762.8484371879185 , 100
8.549999999999862 , 763.8484371879185 , 100
8.559999999999862 , 764.8484371879185 , 100
8.569999999999862 , 765.8484371879185 , 100
8.579999999999862 , 766.8484371879185 , 100
8.589999999999861 , 767.8484371879185 , 100
8.599999999999861 , 768.8484371879185 , 100
8.60999999999986 , 769.8484371879185 , 100
8.61999999999986 , 770.8484371879185 , 100
8.62999999999986 , 771.8484371879185 , 100
8.63999999999986 , 772.8484371879185 , 100
8.64999999999986 , 773.8484371879185 , 100
8.65999999999986 , 774.8484371879185 , 100
8.66999999999986 , 775.8484371879185 , 100
8.67999999999986 , 776.8484371879185 , 100
8.68999999999986 , 777.8484371879185 , 100
8.699999999999859 , 778.8484371879185 , 100
8.709999999999859 , 779.8484371879185 , 100
8.719999999999859 , 780.8484371879185 , 100
8.729999999999858 , 781.8484371879185 , 100
8.739999999999858 , 782.8484371879185 , 100
8.749999999999858 , 783.8484371879185 , 100
8.759999999999858 , 784.8484371879185 , 100
8.769999999999857 , 785.8484371879185 , 100
8.779999999999857 , 786.8484371879185 , 100
8.789999999999857 , 787.8484371879185 , 100
8.799999999999857 , 788.8484371879185 , 100
8.809999999999857 , 789.8484371879185 , 100
8.819999999999856 , 790.8484371879185 , 100
8.829999999999856 , 791.8484371879185 , 100
8.839999999999856 , 792.8484371879185 , 100
8.849999999999856 , 793.8484371879185 , 100
8.859999999999856 , 794.8484371879185 , 100
8.869999999999855 , 795.8484371879185 , 100
8.879999999999855 , 796.8484371879185 , 100
8.889999999999855 , 797.8484371879185 , 100
8.899999999999855 , 798.8484371879185 , 100
8.909999999999854 , 799.8484371879185 , 100
8.919999999999854 , 800.8484371879185 , 100
8.929999999999854 , 801.8484371879185 , 100
8.939999999999854 , 802.8484371879185 , 100
8.949999999999854 , 803.8484371879185 , 100
8.959999999999853 , 804.8484371879185 , 100
8.969999999999853 , 805.8484371879185 , 100
8.979999999999853 , 806.8484371879185 , 100
8.989999999999853 , 807.8484371879185 , 100
8.999999999999853 , 808.8484371879185 , 100
9.009999999999852 , 809.8484371879185 , 100
9.019999999999852 , 810.8484371879185 , 100
9.029999999999852 , 811.8484371879185 , 100
9.039999999999852 , 812.8484371879185 , 100
9.049999999999851 , 813.8484371879185 , 100
9.059999999999851 , 814.8484371879185 , 100
9.069999999999851 , 815.8484371879185 , 100
9.07999999999985 , 816.8484371879185 , 100
9.08999999999985 , 817.8484371879185 , 100
9.09999999999985 , 818.8484371879185 , 100
9.10999999999985 , 819.8484371879185 , 100
9.11999999999985 , 820.8484371879185 , 100
9.12999999999985 , 821.8484371879185 , 100
9.13999999999985 , 822.8484371879185 , 100
9.14999999999985 , 823.8484371879185 , 100
9.15999999999985 , 824.8484371879185 , 100
9.169999999999849 , 825.8484371879185 , 100
9.179999999999849 , 826.8484371879185 , 100
9.189999999999849 , 827.8484371879185 , 100
9.199999999999848 , 828.8484371879185 , 100
9.209999999999848 , 829.8484371879185 , 100
9.219999999999848 , 830.8484371879185 , 100
9.229999999999848 , 831.8484371879185 , 100
9.239999999999847 , 832.8484371879185 , 100
9.249999999999847 , 833.8484371879185 , 100
9.259999999999847 , 834.8484371879185 , 100
9.269999999999847 , 835.8484371879185 , 100
9.279999999999847 , 836.8484371879185 , 100
9.289999999999846 , 837.8484371879185 , 100
9.299999999999846 , 838.8484371879185 , 100
9.309999999999846 , 839.8484371879185 , 100
9.319999999999846 , 840.8484371879185 , 100
9.329999999999846 , 841.8484371879185 , 100
9.339999999999845 , 842.8484371879185 , 100
9.349999999999845 , 843.8484371879185 , 100
9.359999999999845 , 844.8484371879185 , 100
9.369999999999845 , 845.8484371879185 , 100
9.379999999999844 , 846.8484371879185 , 100
9.389999999999844 , 847.8484371879185 , 100
9.399999999999844 , 848.8484371879185 , 100
9.409999999999844 , 849.8484371879185 , 100
9.419999999999844 , 850.8484371879185 , 100
9.429999999999843 , 851.8484371879185 , 100
9.439999999999843 , 852.8484371879185 , 100
9.449999999999843 , 853.8484371879185 , 100
9.459999999999843 , 854.8484371879185 , 100
9.469999999999843 , 855.8484371879185 , 100
9.479999999999842 , 856.8484371879185 , 100
9.489999999999842 , 857.8484371879185 , 100
9.499999999999842 , 858.8484371879185 , 100
9.509999999999842 , 859.8484371879185 , 100
9.519999999999841 , 860.8484371879185 , 100
9.529999999999841 , 861.8484371879185 , 100
9.539999999999841 , 862.8484371879185 , 100
9.54999999999984 , 863.8484371879185 , 100
9.55999999999984 , 864.8484371879185 , 100
9.56999999999984 , 865.8484371879185 , 100
9.57999999999984 , 866.8484371879185 , 100
9.58999999999984 , 867.8484371879185 , 100
9.59999999999984 , 868.8484371879185 , 100
9.60999999999984 , 869.8484371879185 , 100
9.61999999999984 , 870.8484371879185 , 100
9.62999999999984 , 871.8484371879185 , 100
9.639999999999839 , 872.8484371879185 , 100
9.649999999999839 , 873.8484371879185 , 100
9.659999999999838 , 874.8484371879185 , 100
9.669999999999838 , 875.8484371879185 , 100
9.679999999999838 , 876.8484371879185 , 100
9.689999999999838 , 877.8484371879185 , 100
9.699999999999838 , 878.8484371879185 , 100
9.709999999999837 , 879.8484371879185 , 100
9.719999999999837 , 880.8484371879185 , 100
9.729999999999837 , 881.8484371879185 , 100
9.739999999999837 , 882.8484371879185 , 100
9.749999999999837 , 883.8484371879185 , 100
9.759999999999836 , 884.8484371879185 , 100
9.769999999999836 , 885.8484371879185 , 100
9.779999999999836 , 886.8484371879185 , 100
9.789999999999836 , 887.8484371879185 , 100
9.799999999999836 , 888.8484371879185 , 100
9.809999999999835 , 889.8484371879185 , 100
9.819999999999835 , 890.8484371879185 , 100
9.829999999999835 , 891.8484371879185 , 100
9.839999999999835 , 892.8484371879185 , 100
9.849999999999834 , 893.8484371879185 , 100
9.859999999999834 , 894.8484371879185 , 100
9.869999999999834 , 895.8484371879185 , 100
9.879999999999834 , 896.8484371879185 , 100
9.889999999999834 , 897.8484371879185 , 100
9.899999999999833 , 898.8484371879185 , 100
9.909999999999833 , 899.8484371879185 , 100
9.919999999999833 , 900.8484371879185 , 100
9.929999999999833 , 901.844185965533 , 99.5748777614522
9.939999999999833 , 902.8349221263471 , 99.07361608141038
9.949999999999832 , 903.8206456062017 , 98.57234798545325
9.959999999999832 , 904.8013563402808 , 98.07107340791083
9.969999999999832 , 905.7770542631018 , 97.56979228209887
9.979999999999832 , 906.7477393085048 , 97.06850454029781
9.989999999999831 , 907.7134114096422 , 96.56721011373125
9.999999999999831 , 908.6740704989676 , 96.06590893254372
10.009999999999831 , 909.6297165082253 , 95.56460092577818
10.01999999999983 , 910.5803493684389 , 95.06328602135247
10.02999999999983 , 911.5259690098992 , 94.56196414603555
10.03999999999983 , 912.4665753621534 , 94.06063522542297
10.04999999999983 , 913.4021683539926 , 93.55929918391146
10.05999999999983 , 914.3327479134393 , 93.05795594467322
10.06999999999983 , 915.2583139677356 , 92.5566054296292
10.07999999999983 , 916.1788664433299 , 92.05524755942184
10.08999999999983 , 917.0944052658638 , 91.5538822533868
10.09999999999983 , 918.004930360159 , 91.05250942952436
10.109999999999829 , 918.9104416502038 , 90.5511290044696
10.119999999999829 , 919.8109390591384 , 90.04974089346189
10.129999999999828 , 920.7064225092415 , 89.54834501031362
10.139999999999828 , 921.5968919219152 , 89.04694126737789
10.149999999999828 , 922.4823472176704 , 88.54552957551542
10.159999999999828 , 923.362788316111 , 88.04410984406033
10.169999999999828 , 924.238215135919 , 87.5426819807852
10.179999999999827 , 925.1086275948376 , 87.041245891865
10.189999999999827 , 925.974025609656 , 86.5398014818398
10.199999999999827 , 926.8344090961917 , 86.03834865357656
10.209999999999827 , 927.689777969274 , 85.53688730822992
10.219999999999827 , 928.5401321427261 , 85.03541734520151
10.229999999999826 , 929.385471529347 , 84.53393866209827
10.239999999999826 , 930.2257960408939 , 84.03245115468964
10.249999999999826 , 931.0611055880626 , 83.53095471686296
10.259999999999826 , 931.8914000804683 , 83.02944924057815
10.269999999999825 , 932.7166794266266 , 82.52793461582066
10.279999999999825 , 933.5369435339321 , 82.02641073055277
10.289999999999825 , 934.3521923086388 , 81.52487747066407
10.299999999999825 , 935.162425655838 , 81.02333471991955
10.309999999999825 , 935.967643479437 , 80.52178235990682
10.319999999999824 , 936.7678456821368 , 80.02022026998112
10.329999999999824 , 937.5630321654089 , 79.51864832720888
10.339999999999824 , 938.353202829472 , 79.0170664063094
10.349999999999824 , 939.138357573268 , 78.51547437959474
10.359999999999824 , 939.9184962944371 , 78.01387211690754
10.369999999999823 , 940.6936188892927 , 77.51225948555681
10.379999999999823 , 941.4637252527951 , 77.01063635025184
10.389999999999823 , 942.2288152785255 , 76.50900257303375
10.399999999999823 , 942.9888888586576 , 76.00735801320454
10.409999999999823 , 943.7439458839301 , 75.50570252725448
10.419999999999822 , 944.493986243618 , 75.0040359687863
10.429999999999822 , 945.2390098255024 , 74.50235818843723
10.439999999999822 , 945.9790165158404 , 74.00066903379833
10.449999999999822 , 946.7140061993337 , 73.49896834933101
10.459999999999821 , 947.4439787590965 , 72.99725597628061
10.469999999999821 , 948.1689340766223 , 72.49553175258703
10.479999999999821 , 948.8888720317502 , 71.99379551279239
10.48999999999982 , 949.6037925026296 , 71.49204708794522
10.49999999999982 , 950.3136953656847 , 70.99028630550124
10.50999999999982 , 951.0185804955769 , 70.48851298922068
10.51999999999982 , 951.7184477651675 , 69.98672695906211
10.52999999999982 , 952.4132970454782 , 69.48492803107195
10.53999999999982 , 953.1031282056509 , 68.98311601727033
10.54999999999982 , 953.7879411129063 , 68.48129072553252
10.55999999999982 , 954.467735632501 , 67.97945195946618
10.569999999999819 , 955.1425116276838 , 67.47759951828385
10.579999999999819 , 955.8122689596505 , 66.97573319667072
10.589999999999819 , 956.477007487497 , 66.4738527846472
10.599999999999818 , 957.1367270681712 , 65.97195806742668
10.609999999999818 , 957.791427556424 , 65.47004882526724
10.619999999999818 , 958.4411088047572 , 64.9681248333181
10.629999999999818 , 959.0857706633718 , 64.46618586145983
10.639999999999818 , 959.7254129801132 , 63.96423167413815
10.649999999999817 , 960.3600356004151 , 63.46226203019144
10.659999999999817 , 960.9896383672418 , 62.96027668267101
10.669999999999817 , 961.6142211210283 , 62.45827537865434
10.679999999999817 , 962.2337836996188 , 61.95625785905059
10.689999999999817 , 962.8483259382028 , 61.4542238583982
10.699999999999816 , 963.4578476692494 , 60.952173104654086
10.709999999999816 , 964.0623487224392 , 60.45010531897408
10.719999999999816 , 964.661828924594 , 59.948020215484014
10.729999999999816 , 965.2562880996045 , 59.4459175010412
10.739999999999815 , 965.8457260683543 , 58.94379687498551
10.749999999999815 , 966.4301426486431 , 58.441658028880106
10.759999999999815 , 967.0095376551055 , 57.93950064624035
10.769999999999815 , 967.583910899128 , 57.43732440225125
10.779999999999815 , 968.1532621887627 , 56.9351289634721
10.789999999999814 , 968.717591328638 , 56.43291398752796
10.799999999999814 , 969.2768981198659 , 55.93067912278731
10.809999999999814 , 969.8311823599462 , 55.42842400802507
10.819999999999814 , 970.3804438426669 , 54.92614827206967
10.829999999999814 , 970.9246823580012 , 54.42385153343444
10.839999999999813 , 971.4638976920005 , 53.92153339993107
10.849999999999813 , 971.9980896266832 , 53.41919346826522
10.859999999999813 , 972.5272579399193 , 52.91683132361275
10.869999999999813 , 973.051402405311 , 52.41444653917533
10.879999999999812 , 973.5705227920681 , 51.91203867571469
10.889999999999812 , 974.0846188648787 , 51.40960728106361
10.899999999999812 , 974.5936903837749 , 50.90715188961298
10.909999999999812 , 975.0977371039926 , 50.40467202177309
10.919999999999812 , 975.5967587758266 , 49.90216718340739
10.929999999999811 , 976.090755144479 , 49.399636865237554
10.939999999999811 , 976.5797259499011 , 48.89708054221747
10.949999999999811 , 977.0636709266298 , 48.394497672874856
10.95999999999981 , 977.542589803616 , 47.8918876986178
10.96999999999981 , 978.016482304046 , 47.389250043004466
10.97999999999981 , 978.4853481451557 , 46.88658411097357
10.98999999999981 , 978.949187038036 , 46.38388928803217
10.99999999999981 , 979.40799868743 , 45.88116493939967
11.00999999999981 , 979.861782791521 , 45.37841040910315
11.01999999999981 , 980.3105390417112 , 44.87562501902227
11.02999999999981 , 980.75426712239 , 44.372808067879596
11.039999999999809 , 981.1929667106917 , 43.8699588301721
11.049999999999809 , 981.6266374762422 , 43.36707655504146
11.059999999999809 , 982.055279080893 , 42.864160465075955
11.069999999999808 , 982.4788911784434 , 42.3612097550424
11.079999999999808 , 982.8974734143488 , 41.85822359054024
11.089999999999808 , 983.3110254254145 , 41.35520110657323
11.099999999999808 , 983.7195468394749 , 40.85214140603338
11.109999999999808 , 984.1230372750558 , 40.34904355808833
11.119999999999807 , 984.5214963410205 , 39.84590659646757
11.129999999999807 , 984.9149236361968 , 39.34272951763712
11.139999999999807 , 985.3033187489854 , 38.83951127885517
11.149999999999807 , 985.6866812569464 , 38.33625079609982
11.159999999999807 , 986.0650107263649 , 37.832946941856946
11.169999999999806 , 986.4383067117925 , 37.3295985427584
11.179999999999806 , 986.806568755563 , 36.82620437705669
11.189999999999806 , 987.1697963872823 , 36.32276317192425
11.199999999999806 , 987.5279891232879 , 35.81927360055993
11.209999999999805 , 987.8811464660787 , 35.3157342790889
11.219999999999805 , 988.229267903711 , 34.81214376323485
11.229999999999805 , 988.5723529091586 , 34.308500544746856
11.239999999999805 , 988.9104009396341 , 33.80480304755738
11.249999999999805 , 989.2434114358706 , 33.30104962364687
11.259999999999804 , 989.5713838213564 , 32.79723854858729
11.269999999999804 , 989.8943175015238 , 32.29336801673612
11.279999999999804 , 990.2122118628843 , 31.789436136043996
11.289999999999804 , 990.5250662721087 , 31.28544092244145
11.299999999999804 , 990.8328800750463 , 30.78138029376089
11.309999999999803 , 991.1356525956778 , 30.277252063147476
11.319999999999803 , 991.4333831349969 , 29.773053931906595
11.329999999999803 , 991.7260709698141 , 29.26878348172859
11.339999999999803 , 992.0137153514764 , 28.76443816622507
11.349999999999802 , 992.2963155044935 , 28.26001530170068
11.359999999999802 , 992.5738706250643 , 27.755512057078924
11.369999999999802 , 992.8463798794932 , 27.250925442883084
11.379999999999802 , 993.1138424024848 , 26.74625229916678
11.389999999999802 , 993.3762572953075 , 26.241489282270535
11.399999999999801 , 993.6336236238101 , 25.736632850263295
11.409999999999801 , 993.8859404162791 , 25.231679246910854
11.419999999999801 , 994.1332066611191 , 24.72662448398661
11.4299999999998 , 994.3754213043362 , 24.221464321714613
11.4399999999998 , 994.6125832468073 , 23.716194247104205
11.4499999999998 , 994.8446913413062 , 23.210809449893652
11.4599999999998 , 995.071744389264 , 22.70530479578241
11.4699999999998 , 995.2937411372297 , 22.199674796572943
11.4799999999998 , 995.5106802729975 , 21.693913576785206
11.4899999999998 , 995.7225604213598 , 21.188014836228646
11.4999999999998 , 995.9293801394391 , 20.681971807930104
11.509999999999799 , 996.1311379115461 , 20.17577721070714
11.519999999999799 , 996.3278321435016 , 19.669423195543516
11.529999999999799 , 996.5194611563493 , 19.162901284769983
11.539999999999798 , 996.7060231793778 , 18.65620230285553
11.549999999999798 , 996.8875163423515 , 18.149316297376657
11.559999999999798 , 997.063938666836 , 17.642232448441593
11.569999999999798 , 997.2352880564807 , 17.134938964478536
11.579999999999798 , 997.4015622860991 , 16.6274229618401
11.589999999999797 , 997.5627589893502 , 16.119670325105663
11.599999999999797 , 997.7188756447925 , 15.611665544232665
11.609999999999797 , 997.8699095600304 , 15.103391523785156
11.619999999999797 , 998.015857853613 , 14.594829358268116
11.629999999999797 , 998.1567174342737 , 14.085958066056223
11.639999999999796 , 998.2924849769975 , 13.576754272381622
11.649999999999796 , 998.4231568952891 , 13.067191829167209
11.659999999999796 , 998.5487293088485 , 12.557241355930293
11.669999999999796 , 998.6691980056602 , 12.046869681172513
11.679999999999795 , 998.7845583972311 , 11.536039157092967
11.689999999999795 , 998.8948054653449 , 11.024706811380153
11.699999999999795 , 998.9999336982157 , 10.512823287086508
11.709999999999795 , 999.09993701325 , 10.000331503426636
11.719999999999795 , 999.1999370132501 , 10
11.729999999999794 , 999.2999370132501 , 10
11.739999999999794 , 999.3999370132501 , 10
11.749999999999794 , 999.4999370132501 , 10
11.759999999999794 , 999.5999370132502 , 10
11.769999999999794 , 999.6999370132502 , 10
11.779999999999793 , 999.7999370132502 , 10
11.789999999999793 , 999.8999370132502 , 10
11.799999999999793 , 999.9999370132502 , 10
11.809999999999793 , 1000.0999370132503 , 10
